job 6687485 is starting on gpub045.delta.ncsa.illinois.edu


The dimensions of A are 64 x 64
The dimensions of B are 64 x 64
The dimensions of C are 64 x 64
Solution is correct
The dimensions of A are 128 x 64
The dimensions of B are 64 x 128
The dimensions of C are 128 x 128
Solution is correct
The dimensions of A are 100 x 128
The dimensions of B are 128 x 56
The dimensions of C are 100 x 56
Solution is correct
The dimensions of A are 128 x 64
The dimensions of B are 64 x 128
The dimensions of C are 128 x 128
Solution is correct
The dimensions of A are 32 x 128
The dimensions of B are 128 x 32
The dimensions of C are 32 x 32
Solution is correct
The dimensions of A are 200 x 100
The dimensions of B are 100 x 256
The dimensions of C are 200 x 256
Solution is correct
The dimensions of A are 256 x 256
The dimensions of B are 256 x 256
The dimensions of C are 256 x 256
Solution is correct
The dimensions of A are 256 x 300
The dimensions of B are 300 x 256
The dimensions of C are 256 x 256
Solution is correct
The dimensions of A are 64 x 128
The dimensions of B are 128 x 64
The dimensions of C are 64 x 64
Solution is correct
The dimensions of A are 256 x 256
The dimensions of B are 256 x 257
The dimensions of C are 256 x 257
Solution is correct
